<?xml version="1.0" encoding="UTF-8"?>
<testsuite xmlns:xsi="http://www.w3.org/2001/XMLSchema-instance" xsi:noNamespaceSchemaLocation="https://maven.apache.org/surefire/maven-surefire-plugin/xsd/surefire-test-report-3.0.xsd" version="3.0" name="com.yourcompany.rentalmanagement.data.DataGeneratorTest" time="10.53" tests="1" errors="0" skipped="0" failures="0">
  <properties>
[...]
</properties>
  <testcase name="testGeneratePropertyData" classname="com.yourcompany.rentalmanagement.data.DataGeneratorTest" time="10.513">
    <system-out><![CDATA[property data..
Hibernate SessionFactory initialized successfully
Hibernate: 
    /* SELECT
        COUNT(o) 
    FROM
        Owner o */ select
            count(o1_0.id) 
        from
            Owner o1_0
Hibernate: 
    /* insert for
        com.yourcompany.rentalmanagement.model.Owner */insert 
    into
        Owner (address_id, dob, email, password, phoneNumber, profileImage, role, salt, username) 
    values
        (?, ?, ?, ?, ?, ?, ?, ?, ?)
Created owner: owner_john
Hibernate: 
    /* insert for
        com.yourcompany.rentalmanagement.model.Owner */insert 
    into
        Owner (address_id, dob, email, password, phoneNumber, profileImage, role, salt, username) 
    values
        (?, ?, ?, ?, ?, ?, ?, ?, ?)
Created owner: owner_sarah
Hibernate: 
    /* insert for
        com.yourcompany.rentalmanagement.model.Owner */insert 
    into
        Owner (address_id, dob, email, password, phoneNumber, profileImage, role, salt, username) 
    values
        (?, ?, ?, ?, ?, ?, ?, ?, ?)
Created owner: owner_mike
Created 3 owners with IDs: 1, 2, 3
Hibernate: 
    /* insert for
        com.yourcompany.rentalmanagement.model.Host */insert 
    into
        Host (address_id, dob, email, password, phoneNumber, profileImage, role, salt, username) 
    values
        (?, ?, ?, ?, ?, ?, ?, ?, ?)
Created host: host_alice
Hibernate: 
    /* insert for
        com.yourcompany.rentalmanagement.model.Host */insert 
    into
        Host (address_id, dob, email, password, phoneNumber, profileImage, role, salt, username) 
    values
        (?, ?, ?, ?, ?, ?, ?, ?, ?)
Created host: host_bob
Hibernate: 
    /* insert for
        com.yourcompany.rentalmanagement.model.Host */insert 
    into
        Host (address_id, dob, email, password, phoneNumber, profileImage, role, salt, username) 
    values
        (?, ?, ?, ?, ?, ?, ?, ?, ?)
Created host: host_charlie
Hibernate: 
    /* insert for
        com.yourcompany.rentalmanagement.model.Host */insert 
    into
        Host (address_id, dob, email, password, phoneNumber, profileImage, role, salt, username) 
    values
        (?, ?, ?, ?, ?, ?, ?, ?, ?)
Created host: host_david
Created 4 hosts with IDs: 1, 2, 3, 4

Creating Residential Properties...
Hibernate: 
    /* insert for
        com.yourcompany.rentalmanagement.model.Address */insert 
    into
        Address (city, number, state, street) 
    values
        (?, ?, ?, ?)
Hibernate: 
    /* insert for
        com.yourcompany.rentalmanagement.model.ResidentialProperty */insert 
    into
        Residential_Property (address_id, created_at, description, garden_availability, imageLink, last_updated, number_of_bedrooms, owner_id, pet_friendliness, price, rental_agreement_id, status, title) 
    values
        (?, ?, ?, ?, ?, ?, ?, ?, ?, ?, ?, ?, ?)
Hibernate: 
    /* insert for
        com.yourcompany.rentalmanagement.model.Host.residentialProperties */insert 
    into
        Host_ResidentialProperty (host_id, residential_property_id) 
    values
        (?, ?)
Created residential property: Luxury Apartment with ID: 1
Hibernate: 
    /* insert for
        com.yourcompany.rentalmanagement.model.Address */insert 
    into
        Address (city, number, state, street) 
    values
        (?, ?, ?, ?)
Hibernate: 
    /* insert for
        com.yourcompany.rentalmanagement.model.ResidentialProperty */insert 
    into
        Residential_Property (address_id, created_at, description, garden_availability, imageLink, last_updated, number_of_bedrooms, owner_id, pet_friendliness, price, rental_agreement_id, status, title) 
    values
        (?, ?, ?, ?, ?, ?, ?, ?, ?, ?, ?, ?, ?)
Created residential property: Family Home with ID: 2
Hibernate: 
    /* insert for
        com.yourcompany.rentalmanagement.model.Address */insert 
    into
        Address (city, number, state, street) 
    values
        (?, ?, ?, ?)
Hibernate: 
    /* insert for
        com.yourcompany.rentalmanagement.model.ResidentialProperty */insert 
    into
        Residential_Property (address_id, created_at, description, garden_availability, imageLink, last_updated, number_of_bedrooms, owner_id, pet_friendliness, price, rental_agreement_id, status, title) 
    values
        (?, ?, ?, ?, ?, ?, ?, ?, ?, ?, ?, ?, ?)
Hibernate: 
    /* insert for
        com.yourcompany.rentalmanagement.model.Host.residentialProperties */insert 
    into
        Host_ResidentialProperty (host_id, residential_property_id) 
    values
        (?, ?)
Created residential property: Beach House with ID: 3
Hibernate: 
    /* insert for
        com.yourcompany.rentalmanagement.model.Address */insert 
    into
        Address (city, number, state, street) 
    values
        (?, ?, ?, ?)
Hibernate: 
    /* insert for
        com.yourcompany.rentalmanagement.model.ResidentialProperty */insert 
    into
        Residential_Property (address_id, created_at, description, garden_availability, imageLink, last_updated, number_of_bedrooms, owner_id, pet_friendliness, price, rental_agreement_id, status, title) 
    values
        (?, ?, ?, ?, ?, ?, ?, ?, ?, ?, ?, ?, ?)
Created residential property: Mountain Cabin with ID: 4
Hibernate: 
    /* insert for
        com.yourcompany.rentalmanagement.model.Address */insert 
    into
        Address (city, number, state, street) 
    values
        (?, ?, ?, ?)
Hibernate: 
    /* insert for
        com.yourcompany.rentalmanagement.model.ResidentialProperty */insert 
    into
        Residential_Property (address_id, created_at, description, garden_availability, imageLink, last_updated, number_of_bedrooms, owner_id, pet_friendliness, price, rental_agreement_id, status, title) 
    values
        (?, ?, ?, ?, ?, ?, ?, ?, ?, ?, ?, ?, ?)
Created residential property: City Condo with ID: 5
Hibernate: 
    /* insert for
        com.yourcompany.rentalmanagement.model.Address */insert 
    into
        Address (city, number, state, street) 
    values
        (?, ?, ?, ?)
Hibernate: 
    /* insert for
        com.yourcompany.rentalmanagement.model.ResidentialProperty */insert 
    into
        Residential_Property (address_id, created_at, description, garden_availability, imageLink, last_updated, number_of_bedrooms, owner_id, pet_friendliness, price, rental_agreement_id, status, title) 
    values
        (?, ?, ?, ?, ?, ?, ?, ?, ?, ?, ?, ?, ?)
Hibernate: 
    /* insert for
        com.yourcompany.rentalmanagement.model.Host.residentialProperties */insert 
    into
        Host_ResidentialProperty (host_id, residential_property_id) 
    values
        (?, ?)
Created residential property: Suburban House with ID: 6
Hibernate: 
    /* insert for
        com.yourcompany.rentalmanagement.model.Address */insert 
    into
        Address (city, number, state, street) 
    values
        (?, ?, ?, ?)
Hibernate: 
    /* insert for
        com.yourcompany.rentalmanagement.model.ResidentialProperty */insert 
    into
        Residential_Property (address_id, created_at, description, garden_availability, imageLink, last_updated, number_of_bedrooms, owner_id, pet_friendliness, price, rental_agreement_id, status, title) 
    values
        (?, ?, ?, ?, ?, ?, ?, ?, ?, ?, ?, ?, ?)
Hibernate: 
    /* one-shot delete for com.yourcompany.rentalmanagement.model.Host.residentialProperties */delete 
    from
        Host_ResidentialProperty 
    where
        host_id=?
Hibernate: 
    /* insert for
        com.yourcompany.rentalmanagement.model.Host.residentialProperties */insert 
    into
        Host_ResidentialProperty (host_id, residential_property_id) 
    values
        (?, ?)
Hibernate: 
    /* insert for
        com.yourcompany.rentalmanagement.model.Host.residentialProperties */insert 
    into
        Host_ResidentialProperty (host_id, residential_property_id) 
    values
        (?, ?)
Created residential property: Studio Apartment with ID: 7
Hibernate: 
    /* insert for
        com.yourcompany.rentalmanagement.model.Address */insert 
    into
        Address (city, number, state, street) 
    values
        (?, ?, ?, ?)
Hibernate: 
    /* insert for
        com.yourcompany.rentalmanagement.model.ResidentialProperty */insert 
    into
        Residential_Property (address_id, created_at, description, garden_availability, imageLink, last_updated, number_of_bedrooms, owner_id, pet_friendliness, price, rental_agreement_id, status, title) 
    values
        (?, ?, ?, ?, ?, ?, ?, ?, ?, ?, ?, ?, ?)
Hibernate: 
    /* insert for
        com.yourcompany.rentalmanagement.model.Host.residentialProperties */insert 
    into
        Host_ResidentialProperty (host_id, residential_property_id) 
    values
        (?, ?)
Created residential property: Penthouse Suite with ID: 8
Hibernate: 
    /* insert for
        com.yourcompany.rentalmanagement.model.Address */insert 
    into
        Address (city, number, state, street) 
    values
        (?, ?, ?, ?)
Hibernate: 
    /* insert for
        com.yourcompany.rentalmanagement.model.ResidentialProperty */insert 
    into
        Residential_Property (address_id, created_at, description, garden_availability, imageLink, last_updated, number_of_bedrooms, owner_id, pet_friendliness, price, rental_agreement_id, status, title) 
    values
        (?, ?, ?, ?, ?, ?, ?, ?, ?, ?, ?, ?, ?)
Hibernate: 
    /* one-shot delete for com.yourcompany.rentalmanagement.model.Host.residentialProperties */delete 
    from
        Host_ResidentialProperty 
    where
        host_id=?
Hibernate: 
    /* insert for
        com.yourcompany.rentalmanagement.model.Host.residentialProperties */insert 
    into
        Host_ResidentialProperty (host_id, residential_property_id) 
    values
        (?, ?)
Hibernate: 
    /* insert for
        com.yourcompany.rentalmanagement.model.Host.residentialProperties */insert 
    into
        Host_ResidentialProperty (host_id, residential_property_id) 
    values
        (?, ?)
Created residential property: Garden Villa with ID: 9
Hibernate: 
    /* insert for
        com.yourcompany.rentalmanagement.model.Address */insert 
    into
        Address (city, number, state, street) 
    values
        (?, ?, ?, ?)
Hibernate: 
    /* insert for
        com.yourcompany.rentalmanagement.model.ResidentialProperty */insert 
    into
        Residential_Property (address_id, created_at, description, garden_availability, imageLink, last_updated, number_of_bedrooms, owner_id, pet_friendliness, price, rental_agreement_id, status, title) 
    values
        (?, ?, ?, ?, ?, ?, ?, ?, ?, ?, ?, ?, ?)
Created residential property: Townhouse with ID: 10

Creating Commercial Properties...
Hibernate: 
    /* insert for
        com.yourcompany.rentalmanagement.model.Address */insert 
    into
        Address (city, number, state, street) 
    values
        (?, ?, ?, ?)
Hibernate: 
    /* insert for
        com.yourcompany.rentalmanagement.model.CommercialProperty */insert 
    into
        Commercial_Property (address_id, business_type, created_at, description, imageLink, last_updated, owner_id, parking_space, price, rental_agreement_id, square_footage, status, title) 
    values
        (?, ?, ?, ?, ?, ?, ?, ?, ?, ?, ?, ?, ?)
Created commercial property: Downtown Office with ID: 1
Hibernate: 
    /* insert for
        com.yourcompany.rentalmanagement.model.Address */insert 
    into
        Address (city, number, state, street) 
    values
        (?, ?, ?, ?)
Hibernate: 
    /* insert for
        com.yourcompany.rentalmanagement.model.CommercialProperty */insert 
    into
        Commercial_Property (address_id, business_type, created_at, description, imageLink, last_updated, owner_id, parking_space, price, rental_agreement_id, square_footage, status, title) 
    values
        (?, ?, ?, ?, ?, ?, ?, ?, ?, ?, ?, ?, ?)
Hibernate: 
    /* insert for
        com.yourcompany.rentalmanagement.model.Host.commercialProperties */insert 
    into
        Host_CommercialProperty (host_id, commercial_property_id) 
    values
        (?, ?)
Created commercial property: Retail Space with ID: 2
Hibernate: 
    /* insert for
        com.yourcompany.rentalmanagement.model.Address */insert 
    into
        Address (city, number, state, street) 
    values
        (?, ?, ?, ?)
Hibernate: 
    /* insert for
        com.yourcompany.rentalmanagement.model.CommercialProperty */insert 
    into
        Commercial_Property (address_id, business_type, created_at, description, imageLink, last_updated, owner_id, parking_space, price, rental_agreement_id, square_footage, status, title) 
    values
        (?, ?, ?, ?, ?, ?, ?, ?, ?, ?, ?, ?, ?)
Hibernate: 
    /* insert for
        com.yourcompany.rentalmanagement.model.Host.commercialProperties */insert 
    into
        Host_CommercialProperty (host_id, commercial_property_id) 
    values
        (?, ?)
Created commercial property: Restaurant Location with ID: 3
Hibernate: 
    /* insert for
        com.yourcompany.rentalmanagement.model.Address */insert 
    into
        Address (city, number, state, street) 
    values
        (?, ?, ?, ?)
Hibernate: 
    /* insert for
        com.yourcompany.rentalmanagement.model.CommercialProperty */insert 
    into
        Commercial_Property (address_id, business_type, created_at, description, imageLink, last_updated, owner_id, parking_space, price, rental_agreement_id, square_footage, status, title) 
    values
        (?, ?, ?, ?, ?, ?, ?, ?, ?, ?, ?, ?, ?)
Hibernate: 
    /* insert for
        com.yourcompany.rentalmanagement.model.Host.commercialProperties */insert 
    into
        Host_CommercialProperty (host_id, commercial_property_id) 
    values
        (?, ?)
Created commercial property: Shopping Mall Unit with ID: 4
Hibernate: 
    /* insert for
        com.yourcompany.rentalmanagement.model.Address */insert 
    into
        Address (city, number, state, street) 
    values
        (?, ?, ?, ?)
Hibernate: 
    /* insert for
        com.yourcompany.rentalmanagement.model.CommercialProperty */insert 
    into
        Commercial_Property (address_id, business_type, created_at, description, imageLink, last_updated, owner_id, parking_space, price, rental_agreement_id, square_footage, status, title) 
    values
        (?, ?, ?, ?, ?, ?, ?, ?, ?, ?, ?, ?, ?)
Hibernate: 
    /* one-shot delete for com.yourcompany.rentalmanagement.model.Host.commercialProperties */delete 
    from
        Host_CommercialProperty 
    where
        host_id=?
Hibernate: 
    /* insert for
        com.yourcompany.rentalmanagement.model.Host.commercialProperties */insert 
    into
        Host_CommercialProperty (host_id, commercial_property_id) 
    values
        (?, ?)
Hibernate: 
    /* insert for
        com.yourcompany.rentalmanagement.model.Host.commercialProperties */insert 
    into
        Host_CommercialProperty (host_id, commercial_property_id) 
    values
        (?, ?)
Created commercial property: Business Center with ID: 5
Hibernate: 
    /* insert for
        com.yourcompany.rentalmanagement.model.Address */insert 
    into
        Address (city, number, state, street) 
    values
        (?, ?, ?, ?)
Hibernate: 
    /* insert for
        com.yourcompany.rentalmanagement.model.CommercialProperty */insert 
    into
        Commercial_Property (address_id, business_type, created_at, description, imageLink, last_updated, owner_id, parking_space, price, rental_agreement_id, square_footage, status, title) 
    values
        (?, ?, ?, ?, ?, ?, ?, ?, ?, ?, ?, ?, ?)
Created commercial property: Industrial Space with ID: 6
Hibernate: 
    /* insert for
        com.yourcompany.rentalmanagement.model.Address */insert 
    into
        Address (city, number, state, street) 
    values
        (?, ?, ?, ?)
Hibernate: 
    /* insert for
        com.yourcompany.rentalmanagement.model.CommercialProperty */insert 
    into
        Commercial_Property (address_id, business_type, created_at, description, imageLink, last_updated, owner_id, parking_space, price, rental_agreement_id, square_footage, status, title) 
    values
        (?, ?, ?, ?, ?, ?, ?, ?, ?, ?, ?, ?, ?)
Hibernate: 
    /* one-shot delete for com.yourcompany.rentalmanagement.model.Host.commercialProperties */delete 
    from
        Host_CommercialProperty 
    where
        host_id=?
Hibernate: 
    /* insert for
        com.yourcompany.rentalmanagement.model.Host.commercialProperties */insert 
    into
        Host_CommercialProperty (host_id, commercial_property_id) 
    values
        (?, ?)
Hibernate: 
    /* insert for
        com.yourcompany.rentalmanagement.model.Host.commercialProperties */insert 
    into
        Host_CommercialProperty (host_id, commercial_property_id) 
    values
        (?, ?)
Created commercial property: Warehouse with ID: 7
Hibernate: 
    /* insert for
        com.yourcompany.rentalmanagement.model.Address */insert 
    into
        Address (city, number, state, street) 
    values
        (?, ?, ?, ?)
Hibernate: 
    /* insert for
        com.yourcompany.rentalmanagement.model.CommercialProperty */insert 
    into
        Commercial_Property (address_id, business_type, created_at, description, imageLink, last_updated, owner_id, parking_space, price, rental_agreement_id, square_footage, status, title) 
    values
        (?, ?, ?, ?, ?, ?, ?, ?, ?, ?, ?, ?, ?)
Hibernate: 
    /* one-shot delete for com.yourcompany.rentalmanagement.model.Host.commercialProperties */delete 
    from
        Host_CommercialProperty 
    where
        host_id=?
Hibernate: 
    /* insert for
        com.yourcompany.rentalmanagement.model.Host.commercialProperties */insert 
    into
        Host_CommercialProperty (host_id, commercial_property_id) 
    values
        (?, ?)
Hibernate: 
    /* insert for
        com.yourcompany.rentalmanagement.model.Host.commercialProperties */insert 
    into
        Host_CommercialProperty (host_id, commercial_property_id) 
    values
        (?, ?)
Hibernate: 
    /* insert for
        com.yourcompany.rentalmanagement.model.Host.commercialProperties */insert 
    into
        Host_CommercialProperty (host_id, commercial_property_id) 
    values
        (?, ?)
Created commercial property: Medical Office with ID: 8
Hibernate: 
    /* insert for
        com.yourcompany.rentalmanagement.model.Address */insert 
    into
        Address (city, number, state, street) 
    values
        (?, ?, ?, ?)
Hibernate: 
    /* insert for
        com.yourcompany.rentalmanagement.model.CommercialProperty */insert 
    into
        Commercial_Property (address_id, business_type, created_at, description, imageLink, last_updated, owner_id, parking_space, price, rental_agreement_id, square_footage, status, title) 
    values
        (?, ?, ?, ?, ?, ?, ?, ?, ?, ?, ?, ?, ?)
Hibernate: 
    /* one-shot delete for com.yourcompany.rentalmanagement.model.Host.commercialProperties */delete 
    from
        Host_CommercialProperty 
    where
        host_id=?
Hibernate: 
    /* insert for
        com.yourcompany.rentalmanagement.model.Host.commercialProperties */insert 
    into
        Host_CommercialProperty (host_id, commercial_property_id) 
    values
        (?, ?)
Hibernate: 
    /* insert for
        com.yourcompany.rentalmanagement.model.Host.commercialProperties */insert 
    into
        Host_CommercialProperty (host_id, commercial_property_id) 
    values
        (?, ?)
Created commercial property: Tech Hub with ID: 9
Hibernate: 
    /* insert for
        com.yourcompany.rentalmanagement.model.Address */insert 
    into
        Address (city, number, state, street) 
    values
        (?, ?, ?, ?)
Hibernate: 
    /* insert for
        com.yourcompany.rentalmanagement.model.CommercialProperty */insert 
    into
        Commercial_Property (address_id, business_type, created_at, description, imageLink, last_updated, owner_id, parking_space, price, rental_agreement_id, square_footage, status, title) 
    values
        (?, ?, ?, ?, ?, ?, ?, ?, ?, ?, ?, ?, ?)
Hibernate: 
    /* one-shot delete for com.yourcompany.rentalmanagement.model.Host.commercialProperties */delete 
    from
        Host_CommercialProperty 
    where
        host_id=?
Hibernate: 
    /* insert for
        com.yourcompany.rentalmanagement.model.Host.commercialProperties */insert 
    into
        Host_CommercialProperty (host_id, commercial_property_id) 
    values
        (?, ?)
Hibernate: 
    /* insert for
        com.yourcompany.rentalmanagement.model.Host.commercialProperties */insert 
    into
        Host_CommercialProperty (host_id, commercial_property_id) 
    values
        (?, ?)
Hibernate: 
    /* insert for
        com.yourcompany.rentalmanagement.model.Host.commercialProperties */insert 
    into
        Host_CommercialProperty (host_id, commercial_property_id) 
    values
        (?, ?)
Created commercial property: Co-working Space with ID: 10
Hibernate: 
    /* SELECT
        COUNT(c) 
    FROM
        CommercialProperty c */ select
            count(cp1_0.id) 
        from
            Commercial_Property cp1_0
Total commercial properties created: 10
Transaction committed successfully
]]></system-out>
    <system-err><![CDATA[Jan 08, 2025 2:48:39 PM org.hibernate.Version logVersion
INFO: HHH000412: Hibernate ORM core version 6.6.3.Final
Jan 08, 2025 2:48:39 PM org.hibernate.cache.internal.RegionFactoryInitiator initiateService
INFO: HHH000026: Second-level cache disabled
Jan 08, 2025 2:48:39 PM org.hibernate.engine.jdbc.connections.internal.DriverManagerConnectionProviderImpl configure
WARN: HHH10001002: Using built-in connection pool (not intended for production use)
Jan 08, 2025 2:48:40 PM org.hibernate.engine.jdbc.dialect.internal.DialectFactoryImpl constructDialect
WARN: HHH90000025: PostgreSQLDialect does not need to be specified explicitly using 'hibernate.dialect' (remove the property setting and it will be selected by default)
Jan 08, 2025 2:48:40 PM org.hibernate.engine.jdbc.env.internal.JdbcEnvironmentInitiator initiateService
INFO: HHH10001005: Database info:
	Database JDBC URL [jdbc:postgresql://ep-curly-queen-a169votk.ap-southeast-1.aws.neon.tech/rental-management?sslmode=require]
	Database driver: org.postgresql.Driver
	Database version: 17.2
	Autocommit mode: false
	Isolation level: undefined/unknown
	Minimum pool size: 1
	Maximum pool size: 5
Jan 08, 2025 2:48:41 PM org.hibernate.resource.transaction.backend.jdbc.internal.DdlTransactionIsolatorNonJtaImpl getIsolatedConnection
INFO: HHH10001501: Connection obtained from JdbcConnectionAccess [org.hibernate.engine.jdbc.env.internal.JdbcEnvironmentInitiator$ConnectionProviderJdbcConnectionAccess@69c33ea2] for (non-JTA) DDL execution was not in auto-commit mode; the Connection 'local transaction' will be committed and the Connection will be set into auto-commit mode.
Jan 08, 2025 2:48:49 PM org.hibernate.engine.internal.StatisticalLoggingSessionEventListener end
INFO: Session Metrics {
    31200 nanoseconds spent acquiring 1 JDBC connections;
    39100 nanoseconds spent releasing 1 JDBC connections;
    3780900 nanoseconds spent preparing 79 JDBC statements;
    3006274600 nanoseconds spent executing 79 JDBC statements;
    0 nanoseconds spent executing 0 JDBC batches;
    0 nanoseconds spent performing 0 L2C puts;
    0 nanoseconds spent performing 0 L2C hits;
    0 nanoseconds spent performing 0 L2C misses;
    1056324400 nanoseconds spent executing 21 flushes (flushing a total of 607 entities and 692 collections);
    702400 nanoseconds spent executing 2 pre-partial-flushes;
    302500 nanoseconds spent executing 2 partial-flushes (flushing a total of 47 entities and 47 collections)
}
Jan 08, 2025 2:48:49 PM org.hibernate.engine.internal.StatisticalLoggingSessionEventListener end
INFO: Session Metrics {
    0 nanoseconds spent acquiring 0 JDBC connections;
    0 nanoseconds spent releasing 0 JDBC connections;
    0 nanoseconds spent preparing 0 JDBC statements;
    0 nanoseconds spent executing 0 JDBC statements;
    0 nanoseconds spent executing 0 JDBC batches;
    0 nanoseconds spent performing 0 L2C puts;
    0 nanoseconds spent performing 0 L2C hits;
    0 nanoseconds spent performing 0 L2C misses;
    0 nanoseconds spent executing 0 flushes (flushing a total of 0 entities and 0 collections);
    0 nanoseconds spent executing 0 pre-partial-flushes;
    0 nanoseconds spent executing 0 partial-flushes (flushing a total of 0 entities and 0 collections)
}
]]></system-err>
  </testcase>
</testsuite>